0 info it worked if it ends with ok
1 verbose cli [ 'D:\\Java\\nodejs\\node.exe',
1 verbose cli   'D:\\Java\\nodejs\\node_modules\\npm\\bin\\npm-cli.js',
1 verbose cli   'run',
1 verbose cli   'server' ]
2 info using npm@3.10.10
3 info using node@v6.11.0
4 verbose run-script [ 'preserver', 'server', 'postserver' ]
5 info lifecycle react-redux-connect-demo@1.0.0~preserver: react-redux-connect-demo@1.0.0
6 silly lifecycle react-redux-connect-demo@1.0.0~preserver: no script for preserver, continuing
7 info lifecycle react-redux-connect-demo@1.0.0~server: react-redux-connect-demo@1.0.0
8 verbose lifecycle react-redux-connect-demo@1.0.0~server: unsafe-perm in lifecycle true
9 verbose lifecycle react-redux-connect-demo@1.0.0~server: PATH: D:\Java\nodejs\node_modules\npm\bin\node-gyp-bin;D:\TUTOR\React\Learn React  The World's Most Lucrative JavaScript Library (2017)\04 Redux React and our Shopping Cart App\react-redux-connect-demo-master\node_modules\.bin;D:\app\sfy\product\11.2.0\dbhome_1\bin;C:\Program Files (x86)\IBM\WebSphere MQ\java\lib;C:\Program Files (x86)\IBM\WebSphere MQ\java\lib64;C:\Program Files\Java\jdk1.8.0_121\bin;C:\Program Files\Java\jdk1.8.0_121\jre\bin;C:\Program Files (x86)\Intel\iCLS Client\;C:\Program Files\Intel\iCLS Client\;C:\ProgramData\Oracle\Java\javapath;C:\Windows\system32;C:\Windows;C:\Windows\System32\Wbem;C:\Windows\System32\WindowsPowerShell\v1.0\;D:\Java\apache-maven-3.3.9\bin;C:\Program Files (x86)\Intel\Intel(R) Management Engine Components\DAL;C:\Program Files\Intel\Intel(R) Management Engine Components\DAL;C:\Program Files (x86)\Intel\Intel(R) Management Engine Components\IPT;C:\Program Files\Intel\Intel(R) Management Engine Components\IPT;;C:\Users\sfy\AppData\Roaming\npm;D:\Java\Git\cmd;D:\Java\TortoiseSVN\bin;D:\Java\Subversion1.8.16\bin;C:\Program Files\Intel\WiFi\bin\;C:\Program Files\Common Files\Intel\WirelessCommon\;C:\Program Files (x86)\MySQL\MySQL Fabric 1.5 & MySQL Utilities 1.5\;C:\Program Files (x86)\MySQL\MySQL Fabric 1.5 & MySQL Utilities 1.5\Doctrine extensions for PHP\;C:\Program Files\MySQL\MySQL Server 5.7\bin;D:\Java\redis;C:\Program Files (x86)\IBM\WebSphere MQ\bin64;C:\Program Files (x86)\IBM\WebSphere MQ\bin;C:\Program Files (x86)\IBM\WebSphere MQ\tools\c\samples\bin;C:\Program Files\IDM Computer Solutions\UltraEdit;D:\Java\nodejs\;C:\Program Files\Intel\WiFi\bin\;C:\Program Files\Common Files\Intel\WirelessCommon\;C:\Users\sfy\AppData\Roaming\npm
10 verbose lifecycle react-redux-connect-demo@1.0.0~server: CWD: D:\TUTOR\React\Learn React  The World's Most Lucrative JavaScript Library (2017)\04 Redux React and our Shopping Cart App\react-redux-connect-demo-master
11 silly lifecycle react-redux-connect-demo@1.0.0~server: Args: [ '/d /s /c', 'webpack-dev-server --progress' ]
12 verbose stack Error: kill ENOSYS
12 verbose stack     at exports._errnoException (util.js:1018:11)
12 verbose stack     at process.kill (internal/process.js:190:13)
12 verbose stack     at process.listener (D:\Java\nodejs\node_modules\npm\node_modules\npmlog\node_modules\gauge\node_modules\signal-exit\index.js:86:15)
12 verbose stack     at emitNone (events.js:91:20)
12 verbose stack     at process.emit (events.js:185:7)
12 verbose stack     at processEmit (D:\Java\nodejs\node_modules\npm\node_modules\npmlog\node_modules\gauge\node_modules\signal-exit\index.js:146:32)
12 verbose stack     at processEmit (D:\Java\nodejs\node_modules\npm\node_modules\npm-registry-client\node_modules\npmlog\node_modules\gauge\node_modules\signal-exit\index.js:146:32)
12 verbose stack     at Signal.wrap.onsignal (internal/process.js:217:44)
13 verbose cwd D:\TUTOR\React\Learn React  The World's Most Lucrative JavaScript Library (2017)\04 Redux React and our Shopping Cart App\react-redux-connect-demo-master
14 error Windows_NT 6.1.7601
15 error argv "D:\\Java\\nodejs\\node.exe" "D:\\Java\\nodejs\\node_modules\\npm\\bin\\npm-cli.js" "run" "server"
16 error node v6.11.0
17 error npm  v3.10.10
18 error code ENOSYS
19 error errno ENOSYS
20 error syscall kill
21 error kill ENOSYS
22 error If you need help, you may report this error at:
22 error     <https://github.com/npm/npm/issues>
23 verbose exit [ 1, true ]
